[0.000][INFO]:      ChromeDriver 23.0.1240.0 /usr/local/bin/chromedriver
[0.229][FINE]:      Initializing session with capabilities {
   "browserName": "chrome",
   "chrome.detach": true,
   "chromeOptions": {
      "detach": true
   },
   "cssSelectorsEnabled": true,
   "javascriptEnabled": true,
   "nativeEvents": false,
   "platform": "ANY",
   "rotatable": false,
   "takesScreenshot": false,
   "version": ""
}

[0.230][INFO]:      Using named testing interface
[0.724][INFO]:      Connected to Chrome successfully. Version: 23.0.1271.91
[0.745][FINE]:      Command received (/session/37fc043e7c48b25911fa8f9ca8f02ad3)
[0.745][FINE]:      Command finished (/session/37fc043e7c48b25911fa8f9ca8f02ad3) with response {
   "sessionId": "37fc043e7c48b25911fa8f9ca8f02ad3",
   "status": 0,
   "value": {
      "acceptSslCerts": false,
      "applicationCacheEnabled": false,
      "browserConnectionEnabled": false,
      "browserName": "chrome",
      "chrome.chromedriverVersion": "23.0.1240.0",
      "chrome.nativeEvents": false,
      "cssSelectorsEnabled": true,
      "databaseEnabled": false,
      "handlesAlerts": true,
      "javascriptEnabled": true,
      "locationContextEnabled": false,
      "nativeEvents": true,
      "platform": "mac",
      "rotatable": false,
      "takesScreenshot": true,
      "version": "23.0.1271.91",
      "webStorageEnabled": true
   }
}

[0.746][FINE]:      Command received (/session/37fc043e7c48b25911fa8f9ca8f02ad3/url) with params {
   "url": "http://frdev.local.solas.britishcouncil.net:8080/user"
}

[0.746][FINER]:     Waiting for all views to stop loading...
[0.746][FINER]:     Done waiting for all views to stop loading
[1.867][FINER]:     Waiting for all views to stop loading...
[1.898][FINER]:     Done waiting for all views to stop loading
[1.898][FINE]:      Command finished (/session/37fc043e7c48b25911fa8f9ca8f02ad3/url) with response {
   "sessionId": "37fc043e7c48b25911fa8f9ca8f02ad3",
   "status": 0,
   "value": {

   }
}

[1.914][FINE]:      Command received (/session/37fc043e7c48b25911fa8f9ca8f02ad3/elements) with params {
   "using": "xpath",
   "value": ".//*[@id = 'edit-name']"
}

[1.914][FINER]:     Waiting for all views to stop loading...
[1.927][FINER]:     Done waiting for all views to stop loading
[1.939][FINER]:     Waiting for all views to stop loading...
[1.939][FINER]:     Done waiting for all views to stop loading
[1.939][FINE]:      Command finished (/session/37fc043e7c48b25911fa8f9ca8f02ad3/elements) with response {
   "sessionId": "37fc043e7c48b25911fa8f9ca8f02ad3",
   "status": 0,
   "value": [ {
      "ELEMENT": ":wdc:1354025548273"
   } ]
}

[1.945][FINE]:      Command received (/session/37fc043e7c48b25911fa8f9ca8f02ad3/element/:wdc:1354025548273/displayed)
[1.945][FINER]:     Waiting for all views to stop loading...
[1.946][FINER]:     Done waiting for all views to stop loading
[1.955][FINER]:     Waiting for all views to stop loading...
[1.955][FINER]:     Done waiting for all views to stop loading
[1.955][FINE]:      Command finished (/session/37fc043e7c48b25911fa8f9ca8f02ad3/element/:wdc:1354025548273/displayed) with response {
   "sessionId": "37fc043e7c48b25911fa8f9ca8f02ad3",
   "status": 0,
   "value": true
}

[1.956][FINE]:      Command received (/session/37fc043e7c48b25911fa8f9ca8f02ad3/element/:wdc:1354025548273/name)
[1.956][FINER]:     Waiting for all views to stop loading...
[1.956][FINER]:     Done waiting for all views to stop loading
[1.959][FINER]:     Waiting for all views to stop loading...
[1.959][FINER]:     Done waiting for all views to stop loading
[1.959][FINE]:      Command finished (/session/37fc043e7c48b25911fa8f9ca8f02ad3/element/:wdc:1354025548273/name) with response {
   "sessionId": "37fc043e7c48b25911fa8f9ca8f02ad3",
   "status": 0,
   "value": "input"
}

[1.960][FINE]:      Command received (/session/37fc043e7c48b25911fa8f9ca8f02ad3/element/:wdc:1354025548273/attribute/type)
[1.960][FINER]:     Waiting for all views to stop loading...
[1.960][FINER]:     Done waiting for all views to stop loading
[1.979][FINER]:     Waiting for all views to stop loading...
[1.979][FINER]:     Done waiting for all views to stop loading
[1.979][FINE]:      Command finished (/session/37fc043e7c48b25911fa8f9ca8f02ad3/element/:wdc:1354025548273/attribute/type) with response {
   "sessionId": "37fc043e7c48b25911fa8f9ca8f02ad3",
   "status": 0,
   "value": "text"
}

[1.980][FINE]:      Command received (/session/37fc043e7c48b25911fa8f9ca8f02ad3/element/:wdc:1354025548273/name)
[1.980][FINER]:     Waiting for all views to stop loading...
[1.980][FINER]:     Done waiting for all views to stop loading
[1.981][FINER]:     Waiting for all views to stop loading...
[1.981][FINER]:     Done waiting for all views to stop loading
[1.981][FINE]:      Command finished (/session/37fc043e7c48b25911fa8f9ca8f02ad3/element/:wdc:1354025548273/name) with response {
   "sessionId": "37fc043e7c48b25911fa8f9ca8f02ad3",
   "status": 0,
   "value": "input"
}

[1.982][FINE]:      Command received (/session/37fc043e7c48b25911fa8f9ca8f02ad3/element/:wdc:1354025548273/attribute/type)
[1.982][FINER]:     Waiting for all views to stop loading...
[1.982][FINER]:     Done waiting for all views to stop loading
[1.989][FINER]:     Waiting for all views to stop loading...
[1.990][FINER]:     Done waiting for all views to stop loading
[1.990][FINE]:      Command finished (/session/37fc043e7c48b25911fa8f9ca8f02ad3/element/:wdc:1354025548273/attribute/type) with response {
   "sessionId": "37fc043e7c48b25911fa8f9ca8f02ad3",
   "status": 0,
   "value": "text"
}

[1.990][FINE]:      Command received (/session/37fc043e7c48b25911fa8f9ca8f02ad3/element/:wdc:1354025548273/name)
[1.990][FINER]:     Waiting for all views to stop loading...
[1.991][FINER]:     Done waiting for all views to stop loading
[1.991][FINER]:     Waiting for all views to stop loading...
[1.992][FINER]:     Done waiting for all views to stop loading
[1.992][FINE]:      Command finished (/session/37fc043e7c48b25911fa8f9ca8f02ad3/element/:wdc:1354025548273/name) with response {
   "sessionId": "37fc043e7c48b25911fa8f9ca8f02ad3",
   "status": 0,
   "value": "input"
}

[1.992][FINE]:      Command received (/session/37fc043e7c48b25911fa8f9ca8f02ad3/element/:wdc:1354025548273/attribute/type)
[1.992][FINER]:     Waiting for all views to stop loading...
[1.992][FINER]:     Done waiting for all views to stop loading
[1.997][FINER]:     Waiting for all views to stop loading...
[1.997][FINER]:     Done waiting for all views to stop loading
[1.997][FINE]:      Command finished (/session/37fc043e7c48b25911fa8f9ca8f02ad3/element/:wdc:1354025548273/attribute/type) with response {
   "sessionId": "37fc043e7c48b25911fa8f9ca8f02ad3",
   "status": 0,
   "value": "text"
}

[1.998][FINE]:      Command received (/session/37fc043e7c48b25911fa8f9ca8f02ad3/element/:wdc:1354025548273/name)
[1.998][FINER]:     Waiting for all views to stop loading...
[1.998][FINER]:     Done waiting for all views to stop loading
[1.999][FINER]:     Waiting for all views to stop loading...
[1.999][FINER]:     Done waiting for all views to stop loading
[1.999][FINE]:      Command finished (/session/37fc043e7c48b25911fa8f9ca8f02ad3/element/:wdc:1354025548273/name) with response {
   "sessionId": "37fc043e7c48b25911fa8f9ca8f02ad3",
   "status": 0,
   "value": "input"
}

[1.999][FINE]:      Command received (/session/37fc043e7c48b25911fa8f9ca8f02ad3/element/:wdc:1354025548273/name)
[1.999][FINER]:     Waiting for all views to stop loading...
[2.000][FINER]:     Done waiting for all views to stop loading
[2.000][FINER]:     Waiting for all views to stop loading...
[2.001][FINER]:     Done waiting for all views to stop loading
[2.001][FINE]:      Command finished (/session/37fc043e7c48b25911fa8f9ca8f02ad3/element/:wdc:1354025548273/name) with response {
   "sessionId": "37fc043e7c48b25911fa8f9ca8f02ad3",
   "status": 0,
   "value": "input"
}

[2.001][FINE]:      Command received (/session/37fc043e7c48b25911fa8f9ca8f02ad3/element/:wdc:1354025548273/clear) with params {

}

[2.001][FINER]:     Waiting for all views to stop loading...
[2.002][FINER]:     Done waiting for all views to stop loading
[2.022][FINER]:     Waiting for all views to stop loading...
[2.022][FINER]:     Done waiting for all views to stop loading
[2.022][FINE]:      Command finished (/session/37fc043e7c48b25911fa8f9ca8f02ad3/element/:wdc:1354025548273/clear) with response {
   "sessionId": "37fc043e7c48b25911fa8f9ca8f02ad3",
   "status": 0,
   "value": null
}

[2.023][FINE]:      Command received (/session/37fc043e7c48b25911fa8f9ca8f02ad3/element/:wdc:1354025548273/value) with params {
   "value": [ "Solas Superadmin" ]
}

[2.023][FINER]:     Waiting for all views to stop loading...
[2.023][FINER]:     Done waiting for all views to stop loading
[2.547][FINER]:     Waiting for all views to stop loading...
[2.559][FINER]:     Done waiting for all views to stop loading
[2.559][FINE]:      Command finished (/session/37fc043e7c48b25911fa8f9ca8f02ad3/element/:wdc:1354025548273/value) with response {
   "sessionId": "37fc043e7c48b25911fa8f9ca8f02ad3",
   "status": 0,
   "value": {

   }
}

[2.560][FINE]:      Command received (/session/37fc043e7c48b25911fa8f9ca8f02ad3/elements) with params {
   "using": "xpath",
   "value": ".//*[@id = 'edit-pass']"
}

[2.560][FINER]:     Waiting for all views to stop loading...
[2.561][FINER]:     Done waiting for all views to stop loading
[2.571][FINER]:     Waiting for all views to stop loading...
[2.571][FINER]:     Done waiting for all views to stop loading
[2.571][FINE]:      Command finished (/session/37fc043e7c48b25911fa8f9ca8f02ad3/elements) with response {
   "sessionId": "37fc043e7c48b25911fa8f9ca8f02ad3",
   "status": 0,
   "value": [ {
      "ELEMENT": ":wdc:1354025548274"
   } ]
}

[2.572][FINE]:      Command received (/session/37fc043e7c48b25911fa8f9ca8f02ad3/element/:wdc:1354025548274/displayed)
[2.572][FINER]:     Waiting for all views to stop loading...
[2.572][FINER]:     Done waiting for all views to stop loading
[2.581][FINER]:     Waiting for all views to stop loading...
[2.581][FINER]:     Done waiting for all views to stop loading
[2.581][FINE]:      Command finished (/session/37fc043e7c48b25911fa8f9ca8f02ad3/element/:wdc:1354025548274/displayed) with response {
   "sessionId": "37fc043e7c48b25911fa8f9ca8f02ad3",
   "status": 0,
   "value": true
}

[2.582][FINE]:      Command received (/session/37fc043e7c48b25911fa8f9ca8f02ad3/element/:wdc:1354025548274/name)
[2.582][FINER]:     Waiting for all views to stop loading...
[2.582][FINER]:     Done waiting for all views to stop loading
[2.585][FINER]:     Waiting for all views to stop loading...
[2.586][FINER]:     Done waiting for all views to stop loading
[2.586][FINE]:      Command finished (/session/37fc043e7c48b25911fa8f9ca8f02ad3/element/:wdc:1354025548274/name) with response {
   "sessionId": "37fc043e7c48b25911fa8f9ca8f02ad3",
   "status": 0,
   "value": "input"
}

[2.586][FINE]:      Command received (/session/37fc043e7c48b25911fa8f9ca8f02ad3/element/:wdc:1354025548274/attribute/type)
[2.586][FINER]:     Waiting for all views to stop loading...
[2.587][FINER]:     Done waiting for all views to stop loading
[2.604][FINER]:     Waiting for all views to stop loading...
[2.604][FINER]:     Done waiting for all views to stop loading
[2.604][FINE]:      Command finished (/session/37fc043e7c48b25911fa8f9ca8f02ad3/element/:wdc:1354025548274/attribute/type) with response {
   "sessionId": "37fc043e7c48b25911fa8f9ca8f02ad3",
   "status": 0,
   "value": "password"
}

[2.605][FINE]:      Command received (/session/37fc043e7c48b25911fa8f9ca8f02ad3/element/:wdc:1354025548274/name)
[2.605][FINER]:     Waiting for all views to stop loading...
[2.605][FINER]:     Done waiting for all views to stop loading
[2.606][FINER]:     Waiting for all views to stop loading...
[2.606][FINER]:     Done waiting for all views to stop loading
[2.606][FINE]:      Command finished (/session/37fc043e7c48b25911fa8f9ca8f02ad3/element/:wdc:1354025548274/name) with response {
   "sessionId": "37fc043e7c48b25911fa8f9ca8f02ad3",
   "status": 0,
   "value": "input"
}

[2.607][FINE]:      Command received (/session/37fc043e7c48b25911fa8f9ca8f02ad3/element/:wdc:1354025548274/attribute/type)
[2.607][FINER]:     Waiting for all views to stop loading...
[2.607][FINER]:     Done waiting for all views to stop loading
[2.613][FINER]:     Waiting for all views to stop loading...
[2.613][FINER]:     Done waiting for all views to stop loading
[2.613][FINE]:      Command finished (/session/37fc043e7c48b25911fa8f9ca8f02ad3/element/:wdc:1354025548274/attribute/type) with response {
   "sessionId": "37fc043e7c48b25911fa8f9ca8f02ad3",
   "status": 0,
   "value": "password"
}

[2.625][FINE]:      Command received (/session/37fc043e7c48b25911fa8f9ca8f02ad3/element/:wdc:1354025548274/name)
[2.625][FINER]:     Waiting for all views to stop loading...
[2.625][FINER]:     Done waiting for all views to stop loading
[2.626][FINER]:     Waiting for all views to stop loading...
[2.626][FINER]:     Done waiting for all views to stop loading
[2.626][FINE]:      Command finished (/session/37fc043e7c48b25911fa8f9ca8f02ad3/element/:wdc:1354025548274/name) with response {
   "sessionId": "37fc043e7c48b25911fa8f9ca8f02ad3",
   "status": 0,
   "value": "input"
}

[2.627][FINE]:      Command received (/session/37fc043e7c48b25911fa8f9ca8f02ad3/element/:wdc:1354025548274/attribute/type)
[2.627][FINER]:     Waiting for all views to stop loading...
[2.627][FINER]:     Done waiting for all views to stop loading
[2.631][FINER]:     Waiting for all views to stop loading...
[2.632][FINER]:     Done waiting for all views to stop loading
[2.632][FINE]:      Command finished (/session/37fc043e7c48b25911fa8f9ca8f02ad3/element/:wdc:1354025548274/attribute/type) with response {
   "sessionId": "37fc043e7c48b25911fa8f9ca8f02ad3",
   "status": 0,
   "value": "password"
}

[2.632][FINE]:      Command received (/session/37fc043e7c48b25911fa8f9ca8f02ad3/element/:wdc:1354025548274/name)
[2.632][FINER]:     Waiting for all views to stop loading...
[2.633][FINER]:     Done waiting for all views to stop loading
[2.633][FINER]:     Waiting for all views to stop loading...
[2.634][FINER]:     Done waiting for all views to stop loading
[2.634][FINE]:      Command finished (/session/37fc043e7c48b25911fa8f9ca8f02ad3/element/:wdc:1354025548274/name) with response {
   "sessionId": "37fc043e7c48b25911fa8f9ca8f02ad3",
   "status": 0,
   "value": "input"
}

[2.634][FINE]:      Command received (/session/37fc043e7c48b25911fa8f9ca8f02ad3/element/:wdc:1354025548274/name)
[2.634][FINER]:     Waiting for all views to stop loading...
[2.634][FINER]:     Done waiting for all views to stop loading
[2.635][FINER]:     Waiting for all views to stop loading...
[2.635][FINER]:     Done waiting for all views to stop loading
[2.635][FINE]:      Command finished (/session/37fc043e7c48b25911fa8f9ca8f02ad3/element/:wdc:1354025548274/name) with response {
   "sessionId": "37fc043e7c48b25911fa8f9ca8f02ad3",
   "status": 0,
   "value": "input"
}

[2.636][FINE]:      Command received (/session/37fc043e7c48b25911fa8f9ca8f02ad3/element/:wdc:1354025548274/clear) with params {

}

[2.636][FINER]:     Waiting for all views to stop loading...
[2.636][FINER]:     Done waiting for all views to stop loading
[2.660][FINER]:     Waiting for all views to stop loading...
[2.660][FINER]:     Done waiting for all views to stop loading
[2.660][FINE]:      Command finished (/session/37fc043e7c48b25911fa8f9ca8f02ad3/element/:wdc:1354025548274/clear) with response {
   "sessionId": "37fc043e7c48b25911fa8f9ca8f02ad3",
   "status": 0,
   "value": null
}

[2.661][FINE]:      Command received (/session/37fc043e7c48b25911fa8f9ca8f02ad3/element/:wdc:1354025548274/value) with params {
   "value": [ "admin" ]
}

[2.661][FINER]:     Waiting for all views to stop loading...
[2.662][FINER]:     Done waiting for all views to stop loading
[2.963][FINER]:     Waiting for all views to stop loading...
[2.977][FINER]:     Done waiting for all views to stop loading
[2.977][FINE]:      Command finished (/session/37fc043e7c48b25911fa8f9ca8f02ad3/element/:wdc:1354025548274/value) with response {
   "sessionId": "37fc043e7c48b25911fa8f9ca8f02ad3",
   "status": 0,
   "value": {

   }
}

[2.978][FINE]:      Command received (/session/37fc043e7c48b25911fa8f9ca8f02ad3/elements) with params {
   "using": "xpath",
   "value": ".//*[@id = 'edit-submit']"
}

[2.978][FINER]:     Waiting for all views to stop loading...
[2.978][FINER]:     Done waiting for all views to stop loading
[2.988][FINER]:     Waiting for all views to stop loading...
[2.988][FINER]:     Done waiting for all views to stop loading
[2.988][FINE]:      Command finished (/session/37fc043e7c48b25911fa8f9ca8f02ad3/elements) with response {
   "sessionId": "37fc043e7c48b25911fa8f9ca8f02ad3",
   "status": 0,
   "value": [ {
      "ELEMENT": ":wdc:1354025548275"
   } ]
}

[2.989][FINE]:      Command received (/session/37fc043e7c48b25911fa8f9ca8f02ad3/element/:wdc:1354025548275/displayed)
[2.989][FINER]:     Waiting for all views to stop loading...
[2.990][FINER]:     Done waiting for all views to stop loading
[2.998][FINER]:     Waiting for all views to stop loading...
[2.999][FINER]:     Done waiting for all views to stop loading
[2.999][FINE]:      Command finished (/session/37fc043e7c48b25911fa8f9ca8f02ad3/element/:wdc:1354025548275/displayed) with response {
   "sessionId": "37fc043e7c48b25911fa8f9ca8f02ad3",
   "status": 0,
   "value": true
}

[2.999][FINE]:      Command received (/session/37fc043e7c48b25911fa8f9ca8f02ad3/element/:wdc:1354025548275/click) with params {

}

[3.000][FINER]:     Waiting for all views to stop loading...
[3.000][FINER]:     Done waiting for all views to stop loading
[3.035][FINER]:     Waiting for all views to stop loading...
[7.975][FINER]:     Done waiting for all views to stop loading
[7.975][FINE]:      Command finished (/session/37fc043e7c48b25911fa8f9ca8f02ad3/element/:wdc:1354025548275/click) with response {
   "sessionId": "37fc043e7c48b25911fa8f9ca8f02ad3",
   "status": 0,
   "value": {

   }
}

[7.979][FINE]:      Command received (/session/37fc043e7c48b25911fa8f9ca8f02ad3/url) with params {
   "url": "http://frdev.local.solas.britishcouncil.net:8080/en/node/add/press-release"
}

[7.979][FINER]:     Waiting for all views to stop loading...
[7.992][FINER]:     Done waiting for all views to stop loading
[9.800][FINER]:     Waiting for all views to stop loading...
[9.814][FINER]:     Done waiting for all views to stop loading
[9.814][FINE]:      Command finished (/session/37fc043e7c48b25911fa8f9ca8f02ad3/url) with response {
   "sessionId": "37fc043e7c48b25911fa8f9ca8f02ad3",
   "status": 0,
   "value": {

   }
}

[9.820][FINE]:      Command received (/session/37fc043e7c48b25911fa8f9ca8f02ad3/elements) with params {
   "using": "xpath",
   "value": ".//*[@id = 'edit-title']"
}

[9.820][FINER]:     Waiting for all views to stop loading...
[9.823][FINER]:     Done waiting for all views to stop loading
[9.903][FINER]:     Waiting for all views to stop loading...
[9.904][FINER]:     Done waiting for all views to stop loading
[9.904][FINE]:      Command finished (/session/37fc043e7c48b25911fa8f9ca8f02ad3/elements) with response {
   "sessionId": "37fc043e7c48b25911fa8f9ca8f02ad3",
   "status": 0,
   "value": [ {
      "ELEMENT": ":wdc:1354025556237"
   } ]
}

[9.905][FINE]:      Command received (/session/37fc043e7c48b25911fa8f9ca8f02ad3/element/:wdc:1354025556237/displayed)
[9.905][FINER]:     Waiting for all views to stop loading...
[9.905][FINER]:     Done waiting for all views to stop loading
[9.951][FINER]:     Waiting for all views to stop loading...
[9.951][FINER]:     Done waiting for all views to stop loading
[9.951][FINE]:      Command finished (/session/37fc043e7c48b25911fa8f9ca8f02ad3/element/:wdc:1354025556237/displayed) with response {
   "sessionId": "37fc043e7c48b25911fa8f9ca8f02ad3",
   "status": 0,
   "value": true
}

[9.952][FINE]:      Command received (/session/37fc043e7c48b25911fa8f9ca8f02ad3/element/:wdc:1354025556237/name)
[9.952][FINER]:     Waiting for all views to stop loading...
[9.965][FINER]:     Done waiting for all views to stop loading
[10.024][FINER]:    Waiting for all views to stop loading...
[10.039][FINER]:    Done waiting for all views to stop loading
[10.039][FINE]:     Command finished (/session/37fc043e7c48b25911fa8f9ca8f02ad3/element/:wdc:1354025556237/name) with response {
   "sessionId": "37fc043e7c48b25911fa8f9ca8f02ad3",
   "status": 0,
   "value": "input"
}

[10.040][FINE]:     Command received (/session/37fc043e7c48b25911fa8f9ca8f02ad3/element/:wdc:1354025556237/attribute/type)
[10.040][FINER]:    Waiting for all views to stop loading...
[10.078][FINER]:    Done waiting for all views to stop loading
[10.130][FINER]:    Waiting for all views to stop loading...
[10.130][FINER]:    Done waiting for all views to stop loading
[10.130][FINE]:     Command finished (/session/37fc043e7c48b25911fa8f9ca8f02ad3/element/:wdc:1354025556237/attribute/type) with response {
   "sessionId": "37fc043e7c48b25911fa8f9ca8f02ad3",
   "status": 0,
   "value": "text"
}

[10.131][FINE]:     Command received (/session/37fc043e7c48b25911fa8f9ca8f02ad3/element/:wdc:1354025556237/name)
[10.131][FINER]:    Waiting for all views to stop loading...
[10.142][FINER]:    Done waiting for all views to stop loading
[10.176][FINER]:    Waiting for all views to stop loading...
[10.192][FINER]:    Done waiting for all views to stop loading
[10.192][FINE]:     Command finished (/session/37fc043e7c48b25911fa8f9ca8f02ad3/element/:wdc:1354025556237/name) with response {
   "sessionId": "37fc043e7c48b25911fa8f9ca8f02ad3",
   "status": 0,
   "value": "input"
}

[10.193][FINE]:     Command received (/session/37fc043e7c48b25911fa8f9ca8f02ad3/element/:wdc:1354025556237/attribute/type)
[10.193][FINER]:    Waiting for all views to stop loading...
[10.225][FINER]:    Done waiting for all views to stop loading
[10.275][FINER]:    Waiting for all views to stop loading...
[10.296][FINER]:    Done waiting for all views to stop loading
[10.296][FINE]:     Command finished (/session/37fc043e7c48b25911fa8f9ca8f02ad3/element/:wdc:1354025556237/attribute/type) with response {
   "sessionId": "37fc043e7c48b25911fa8f9ca8f02ad3",
   "status": 0,
   "value": "text"
}

[10.297][FINE]:     Command received (/session/37fc043e7c48b25911fa8f9ca8f02ad3/element/:wdc:1354025556237/name)
[10.297][FINER]:    Waiting for all views to stop loading...
[10.326][FINER]:    Done waiting for all views to stop loading
[10.361][FINER]:    Waiting for all views to stop loading...
[10.376][FINER]:    Done waiting for all views to stop loading
[10.376][FINE]:     Command finished (/session/37fc043e7c48b25911fa8f9ca8f02ad3/element/:wdc:1354025556237/name) with response {
   "sessionId": "37fc043e7c48b25911fa8f9ca8f02ad3",
   "status": 0,
   "value": "input"
}

[10.377][FINE]:     Command received (/session/37fc043e7c48b25911fa8f9ca8f02ad3/element/:wdc:1354025556237/attribute/type)
[10.377][FINER]:    Waiting for all views to stop loading...
[10.411][FINER]:    Done waiting for all views to stop loading
[10.461][FINER]:    Waiting for all views to stop loading...
[10.480][FINER]:    Done waiting for all views to stop loading
[10.480][FINE]:     Command finished (/session/37fc043e7c48b25911fa8f9ca8f02ad3/element/:wdc:1354025556237/attribute/type) with response {
   "sessionId": "37fc043e7c48b25911fa8f9ca8f02ad3",
   "status": 0,
   "value": "text"
}

[10.481][FINE]:     Command received (/session/37fc043e7c48b25911fa8f9ca8f02ad3/element/:wdc:1354025556237/name)
[10.481][FINER]:    Waiting for all views to stop loading...
[10.493][FINER]:    Done waiting for all views to stop loading
[10.495][FINER]:    Waiting for all views to stop loading...
[10.495][FINER]:    Done waiting for all views to stop loading
[10.495][FINE]:     Command finished (/session/37fc043e7c48b25911fa8f9ca8f02ad3/element/:wdc:1354025556237/name) with response {
   "sessionId": "37fc043e7c48b25911fa8f9ca8f02ad3",
   "status": 0,
   "value": "input"
}

[10.496][FINE]:     Command received (/session/37fc043e7c48b25911fa8f9ca8f02ad3/element/:wdc:1354025556237/name)
[10.496][FINER]:    Waiting for all views to stop loading...
[10.496][FINER]:    Done waiting for all views to stop loading
[10.497][FINER]:    Waiting for all views to stop loading...
[10.497][FINER]:    Done waiting for all views to stop loading
[10.497][FINE]:     Command finished (/session/37fc043e7c48b25911fa8f9ca8f02ad3/element/:wdc:1354025556237/name) with response {
   "sessionId": "37fc043e7c48b25911fa8f9ca8f02ad3",
   "status": 0,
   "value": "input"
}

[10.498][FINE]:     Command received (/session/37fc043e7c48b25911fa8f9ca8f02ad3/element/:wdc:1354025556237/clear) with params {

}

[10.498][FINER]:    Waiting for all views to stop loading...
[10.498][FINER]:    Done waiting for all views to stop loading
[10.518][FINER]:    Waiting for all views to stop loading...
[10.518][FINER]:    Done waiting for all views to stop loading
[10.518][FINE]:     Command finished (/session/37fc043e7c48b25911fa8f9ca8f02ad3/element/:wdc:1354025556237/clear) with response {
   "sessionId": "37fc043e7c48b25911fa8f9ca8f02ad3",
   "status": 0,
   "value": null
}

[10.519][FINE]:     Command received (/session/37fc043e7c48b25911fa8f9ca8f02ad3/element/:wdc:1354025556237/value) with params {
   "value": [ " Press release Title 14:12:36 etVC" ]
}

[10.519][FINER]:    Waiting for all views to stop loading...
[10.519][FINER]:    Done waiting for all views to stop loading
[11.534][FINER]:    Waiting for all views to stop loading...
[11.534][FINER]:    Done waiting for all views to stop loading
[11.534][FINE]:     Command finished (/session/37fc043e7c48b25911fa8f9ca8f02ad3/element/:wdc:1354025556237/value) with response {
   "sessionId": "37fc043e7c48b25911fa8f9ca8f02ad3",
   "status": 0,
   "value": {

   }
}

[11.536][FINE]:     Command received (/session/37fc043e7c48b25911fa8f9ca8f02ad3/elements) with params {
   "using": "xpath",
   "value": ".//*[@id = 'edit-field-press-release-date-und-0-value-day']"
}

[11.536][FINER]:    Waiting for all views to stop loading...
[11.536][FINER]:    Done waiting for all views to stop loading
[11.547][FINER]:    Waiting for all views to stop loading...
[11.548][FINER]:    Done waiting for all views to stop loading
[11.548][FINE]:     Command finished (/session/37fc043e7c48b25911fa8f9ca8f02ad3/elements) with response {
   "sessionId": "37fc043e7c48b25911fa8f9ca8f02ad3",
   "status": 0,
   "value": [ {
      "ELEMENT": ":wdc:1354025556238"
   } ]
}

[11.548][FINE]:     Command received (/session/37fc043e7c48b25911fa8f9ca8f02ad3/element/:wdc:1354025556238/displayed)
[11.548][FINER]:    Waiting for all views to stop loading...
[11.549][FINER]:    Done waiting for all views to stop loading
[11.559][FINER]:    Waiting for all views to stop loading...
[11.559][FINER]:    Done waiting for all views to stop loading
[11.559][FINE]:     Command finished (/session/37fc043e7c48b25911fa8f9ca8f02ad3/element/:wdc:1354025556238/displayed) with response {
   "sessionId": "37fc043e7c48b25911fa8f9ca8f02ad3",
   "status": 0,
   "value": true
}

[11.562][FINE]:     Command received (/session/37fc043e7c48b25911fa8f9ca8f02ad3/element/:wdc:1354025556238/elements) with params {
   "using": "xpath",
   "value": ".//option[normalize-space(string(.)) = '17']"
}

[11.562][FINER]:    Waiting for all views to stop loading...
[11.562][FINER]:    Done waiting for all views to stop loading
[11.574][FINER]:    Waiting for all views to stop loading...
[11.574][FINER]:    Done waiting for all views to stop loading
[11.574][FINE]:     Command finished (/session/37fc043e7c48b25911fa8f9ca8f02ad3/element/:wdc:1354025556238/elements) with response {
   "sessionId": "37fc043e7c48b25911fa8f9ca8f02ad3",
   "status": 0,
   "value": [ {
      "ELEMENT": ":wdc:1354025556239"
   } ]
}

[11.575][FINE]:     Command received (/session/37fc043e7c48b25911fa8f9ca8f02ad3/element/:wdc:1354025556239/displayed)
[11.575][FINER]:    Waiting for all views to stop loading...
[11.575][FINER]:    Done waiting for all views to stop loading
[11.585][FINER]:    Waiting for all views to stop loading...
[11.586][FINER]:    Done waiting for all views to stop loading
[11.586][FINE]:     Command finished (/session/37fc043e7c48b25911fa8f9ca8f02ad3/element/:wdc:1354025556239/displayed) with response {
   "sessionId": "37fc043e7c48b25911fa8f9ca8f02ad3",
   "status": 0,
   "value": true
}

[11.586][FINE]:     Command received (/session/37fc043e7c48b25911fa8f9ca8f02ad3/element/:wdc:1354025556239/selected)
[11.586][FINER]:    Waiting for all views to stop loading...
[11.587][FINER]:    Done waiting for all views to stop loading
[11.606][FINER]:    Waiting for all views to stop loading...
[11.606][FINER]:    Done waiting for all views to stop loading
[11.606][FINE]:     Command finished (/session/37fc043e7c48b25911fa8f9ca8f02ad3/element/:wdc:1354025556239/selected) with response {
   "sessionId": "37fc043e7c48b25911fa8f9ca8f02ad3",
   "status": 0,
   "value": false
}

[11.607][FINE]:     Command received (/session/37fc043e7c48b25911fa8f9ca8f02ad3/element/:wdc:1354025556239/click) with params {

}

[11.607][FINER]:    Waiting for all views to stop loading...
[11.607][FINER]:    Done waiting for all views to stop loading
[11.626][FINER]:    Waiting for all views to stop loading...
[11.626][FINER]:    Done waiting for all views to stop loading
[11.626][FINE]:     Command finished (/session/37fc043e7c48b25911fa8f9ca8f02ad3/element/:wdc:1354025556239/click) with response {
   "sessionId": "37fc043e7c48b25911fa8f9ca8f02ad3",
   "status": 0,
   "value": {

   }
}

[11.627][FINE]:     Command received (/session/37fc043e7c48b25911fa8f9ca8f02ad3/elements) with params {
   "using": "xpath",
   "value": ".//*[contains(concat(' ', @class, ' '), ' date-month ')]"
}

[11.627][FINER]:    Waiting for all views to stop loading...
[11.627][FINER]:    Done waiting for all views to stop loading
[11.668][FINER]:    Waiting for all views to stop loading...
[11.669][FINER]:    Done waiting for all views to stop loading
[11.669][FINE]:     Command finished (/session/37fc043e7c48b25911fa8f9ca8f02ad3/elements) with response {
   "sessionId": "37fc043e7c48b25911fa8f9ca8f02ad3",
   "status": 0,
   "value": [ {
      "ELEMENT": ":wdc:1354025556240"
   } ]
}

[11.670][FINE]:     Command received (/session/37fc043e7c48b25911fa8f9ca8f02ad3/element/:wdc:1354025556240/displayed)
[11.670][FINER]:    Waiting for all views to stop loading...
[11.670][FINER]:    Done waiting for all views to stop loading
[11.689][FINER]:    Waiting for all views to stop loading...
[11.689][FINER]:    Done waiting for all views to stop loading
[11.689][FINE]:     Command finished (/session/37fc043e7c48b25911fa8f9ca8f02ad3/element/:wdc:1354025556240/displayed) with response {
   "sessionId": "37fc043e7c48b25911fa8f9ca8f02ad3",
   "status": 0,
   "value": true
}

[11.690][FINE]:     Command received (/session/37fc043e7c48b25911fa8f9ca8f02ad3/element/:wdc:1354025556240/elements) with params {
   "using": "xpath",
   "value": ".//option[normalize-space(string(.)) = 'Nov']"
}

[11.691][FINER]:    Waiting for all views to stop loading...
[11.709][FINER]:    Done waiting for all views to stop loading
[11.719][FINER]:    Waiting for all views to stop loading...
[11.719][FINER]:    Done waiting for all views to stop loading
[11.719][FINE]:     Command finished (/session/37fc043e7c48b25911fa8f9ca8f02ad3/element/:wdc:1354025556240/elements) with response {
   "sessionId": "37fc043e7c48b25911fa8f9ca8f02ad3",
   "status": 0,
   "value": [ {
      "ELEMENT": ":wdc:1354025556241"
   } ]
}

[11.720][FINE]:     Command received (/session/37fc043e7c48b25911fa8f9ca8f02ad3/element/:wdc:1354025556241/displayed)
[11.720][FINER]:    Waiting for all views to stop loading...
[11.720][FINER]:    Done waiting for all views to stop loading
[11.729][FINER]:    Waiting for all views to stop loading...
[11.730][FINER]:    Done waiting for all views to stop loading
[11.730][FINE]:     Command finished (/session/37fc043e7c48b25911fa8f9ca8f02ad3/element/:wdc:1354025556241/displayed) with response {
   "sessionId": "37fc043e7c48b25911fa8f9ca8f02ad3",
   "status": 0,
   "value": true
}

[11.731][FINE]:     Command received (/session/37fc043e7c48b25911fa8f9ca8f02ad3/element/:wdc:1354025556241/selected)
[11.731][FINER]:    Waiting for all views to stop loading...
[11.731][FINER]:    Done waiting for all views to stop loading
[11.752][FINER]:    Waiting for all views to stop loading...
[11.752][FINER]:    Done waiting for all views to stop loading
[11.752][FINE]:     Command finished (/session/37fc043e7c48b25911fa8f9ca8f02ad3/element/:wdc:1354025556241/selected) with response {
   "sessionId": "37fc043e7c48b25911fa8f9ca8f02ad3",
   "status": 0,
   "value": true
}

[11.753][FINE]:     Command received (/session/37fc043e7c48b25911fa8f9ca8f02ad3/elements) with params {
   "using": "xpath",
   "value": ".//*[contains(concat(' ', @class, ' '), ' date-year ')]"
}

[11.754][FINER]:    Waiting for all views to stop loading...
[11.754][FINER]:    Done waiting for all views to stop loading
[11.773][FINER]:    Waiting for all views to stop loading...
[11.773][FINER]:    Done waiting for all views to stop loading
[11.773][FINE]:     Command finished (/session/37fc043e7c48b25911fa8f9ca8f02ad3/elements) with response {
   "sessionId": "37fc043e7c48b25911fa8f9ca8f02ad3",
   "status": 0,
   "value": [ {
      "ELEMENT": ":wdc:1354025556242"
   } ]
}

[11.774][FINE]:     Command received (/session/37fc043e7c48b25911fa8f9ca8f02ad3/element/:wdc:1354025556242/displayed)
[11.774][FINER]:    Waiting for all views to stop loading...
[11.774][FINER]:    Done waiting for all views to stop loading
[11.785][FINER]:    Waiting for all views to stop loading...
[11.785][FINER]:    Done waiting for all views to stop loading
[11.785][FINE]:     Command finished (/session/37fc043e7c48b25911fa8f9ca8f02ad3/element/:wdc:1354025556242/displayed) with response {
   "sessionId": "37fc043e7c48b25911fa8f9ca8f02ad3",
   "status": 0,
   "value": true
}

[11.787][FINE]:     Command received (/session/37fc043e7c48b25911fa8f9ca8f02ad3/element/:wdc:1354025556242/elements) with params {
   "using": "xpath",
   "value": ".//option[normalize-space(string(.)) = '2012']"
}

[11.787][FINER]:    Waiting for all views to stop loading...
[11.787][FINER]:    Done waiting for all views to stop loading
[11.803][FINER]:    Waiting for all views to stop loading...
[11.803][FINER]:    Done waiting for all views to stop loading
[11.804][FINE]:     Command finished (/session/37fc043e7c48b25911fa8f9ca8f02ad3/element/:wdc:1354025556242/elements) with response {
   "sessionId": "37fc043e7c48b25911fa8f9ca8f02ad3",
   "status": 0,
   "value": [ {
      "ELEMENT": ":wdc:1354025556243"
   } ]
}

[11.805][FINE]:     Command received (/session/37fc043e7c48b25911fa8f9ca8f02ad3/element/:wdc:1354025556243/displayed)
[11.805][FINER]:    Waiting for all views to stop loading...
[11.805][FINER]:    Done waiting for all views to stop loading
[11.815][FINER]:    Waiting for all views to stop loading...
[11.815][FINER]:    Done waiting for all views to stop loading
[11.815][FINE]:     Command finished (/session/37fc043e7c48b25911fa8f9ca8f02ad3/element/:wdc:1354025556243/displayed) with response {
   "sessionId": "37fc043e7c48b25911fa8f9ca8f02ad3",
   "status": 0,
   "value": true
}

[11.816][FINE]:     Command received (/session/37fc043e7c48b25911fa8f9ca8f02ad3/element/:wdc:1354025556243/selected)
[11.816][FINER]:    Waiting for all views to stop loading...
[11.816][FINER]:    Done waiting for all views to stop loading
[11.836][FINER]:    Waiting for all views to stop loading...
[11.836][FINER]:    Done waiting for all views to stop loading
[11.836][FINE]:     Command finished (/session/37fc043e7c48b25911fa8f9ca8f02ad3/element/:wdc:1354025556243/selected) with response {
   "sessionId": "37fc043e7c48b25911fa8f9ca8f02ad3",
   "status": 0,
   "value": true
}

[11.838][FINE]:     Command received (/session/37fc043e7c48b25911fa8f9ca8f02ad3/elements) with params {
   "using": "xpath",
   "value": ".//*[@id = 'edit-submit']"
}

[11.838][FINER]:    Waiting for all views to stop loading...
[11.839][FINER]:    Done waiting for all views to stop loading
[11.847][FINER]:    Waiting for all views to stop loading...
[11.848][FINER]:    Done waiting for all views to stop loading
[11.848][FINE]:     Command finished (/session/37fc043e7c48b25911fa8f9ca8f02ad3/elements) with response {
   "sessionId": "37fc043e7c48b25911fa8f9ca8f02ad3",
   "status": 0,
   "value": [ {
      "ELEMENT": ":wdc:1354025556244"
   } ]
}

[11.848][FINE]:     Command received (/session/37fc043e7c48b25911fa8f9ca8f02ad3/element/:wdc:1354025556244/displayed)
[11.849][FINER]:    Waiting for all views to stop loading...
[11.849][FINER]:    Done waiting for all views to stop loading
[11.861][FINER]:    Waiting for all views to stop loading...
[11.862][FINER]:    Done waiting for all views to stop loading
[11.862][FINE]:     Command finished (/session/37fc043e7c48b25911fa8f9ca8f02ad3/element/:wdc:1354025556244/displayed) with response {
   "sessionId": "37fc043e7c48b25911fa8f9ca8f02ad3",
   "status": 0,
   "value": true
}

[11.863][FINE]:     Command received (/session/37fc043e7c48b25911fa8f9ca8f02ad3/element/:wdc:1354025556244/click) with params {

}

[11.863][FINER]:    Waiting for all views to stop loading...
[11.875][FINER]:    Done waiting for all views to stop loading
[11.953][FINER]:    Waiting for all views to stop loading...
[14.271][FINER]:    Done waiting for all views to stop loading
[14.271][FINE]:     Command finished (/session/37fc043e7c48b25911fa8f9ca8f02ad3/element/:wdc:1354025556244/click) with response {
   "sessionId": "37fc043e7c48b25911fa8f9ca8f02ad3",
   "status": 0,
   "value": {

   }
}

[14.275][FINE]:     Command received (/session/37fc043e7c48b25911fa8f9ca8f02ad3/elements) with params {
   "using": "xpath",
   "value": ".//*[contains(concat(' ', @class, ' '), ' messages ')]"
}

[14.275][FINER]:    Waiting for all views to stop loading...
[14.276][FINER]:    Done waiting for all views to stop loading
[14.300][FINER]:    Waiting for all views to stop loading...
[14.343][FINER]:    Done waiting for all views to stop loading
[14.343][FINE]:     Command finished (/session/37fc043e7c48b25911fa8f9ca8f02ad3/elements) with response {
   "sessionId": "37fc043e7c48b25911fa8f9ca8f02ad3",
   "status": 0,
   "value": [ {
      "ELEMENT": ":wdc:1354025560634"
   } ]
}

[14.344][FINE]:     Command received (/session/37fc043e7c48b25911fa8f9ca8f02ad3/element/:wdc:1354025560634/displayed)
[14.344][FINER]:    Waiting for all views to stop loading...
[14.369][FINER]:    Done waiting for all views to stop loading
[14.398][FINER]:    Waiting for all views to stop loading...
[14.398][FINER]:    Done waiting for all views to stop loading
[14.398][FINE]:     Command finished (/session/37fc043e7c48b25911fa8f9ca8f02ad3/element/:wdc:1354025560634/displayed) with response {
   "sessionId": "37fc043e7c48b25911fa8f9ca8f02ad3",
   "status": 0,
   "value": true
}

[14.399][FINE]:     Command received (/session/37fc043e7c48b25911fa8f9ca8f02ad3/element/:wdc:1354025560634/text)
[14.399][FINER]:    Waiting for all views to stop loading...
[14.399][FINER]:    Done waiting for all views to stop loading
[14.426][FINER]:    Waiting for all views to stop loading...
[14.427][FINER]:    Done waiting for all views to stop loading
[14.427][FINE]:     Command finished (/session/37fc043e7c48b25911fa8f9ca8f02ad3/element/:wdc:1354025560634/text) with response {
   "sessionId": "37fc043e7c48b25911fa8f9ca8f02ad3",
   "status": 0,
   "value": "Status message\nCreated new alias press-release-title-141236-etvc for node/2101.\nPress release Pre..."
}

[24.431][FINE]:     Command received (/session/37fc043e7c48b25911fa8f9ca8f02ad3/elements) with params {
   "using": "xpath",
   "value": ".//*[contains(concat(' ', @class, ' '), ' date-display-single ')]"
}

[24.431][FINER]:    Waiting for all views to stop loading...
[24.432][FINER]:    Done waiting for all views to stop loading
[24.449][FINER]:    Waiting for all views to stop loading...
[24.449][FINER]:    Done waiting for all views to stop loading
[24.449][FINE]:     Command finished (/session/37fc043e7c48b25911fa8f9ca8f02ad3/elements) with response {
   "sessionId": "37fc043e7c48b25911fa8f9ca8f02ad3",
   "status": 0,
   "value": [ {
      "ELEMENT": ":wdc:1354025560635"
   } ]
}

[24.450][FINE]:     Command received (/session/37fc043e7c48b25911fa8f9ca8f02ad3/element/:wdc:1354025560635/displayed)
[24.450][FINER]:    Waiting for all views to stop loading...
[24.450][FINER]:    Done waiting for all views to stop loading
[24.458][FINER]:    Waiting for all views to stop loading...
[24.459][FINER]:    Done waiting for all views to stop loading
[24.459][FINE]:     Command finished (/session/37fc043e7c48b25911fa8f9ca8f02ad3/element/:wdc:1354025560635/displayed) with response {
   "sessionId": "37fc043e7c48b25911fa8f9ca8f02ad3",
   "status": 0,
   "value": true
}

[24.459][FINE]:     Command received (/session/37fc043e7c48b25911fa8f9ca8f02ad3/element/:wdc:1354025560635/text)
[24.459][FINER]:    Waiting for all views to stop loading...
[24.460][FINER]:    Done waiting for all views to stop loading
[24.479][FINER]:    Waiting for all views to stop loading...
[24.479][FINER]:    Done waiting for all views to stop loading
[24.479][FINE]:     Command finished (/session/37fc043e7c48b25911fa8f9ca8f02ad3/element/:wdc:1354025560635/text) with response {
   "sessionId": "37fc043e7c48b25911fa8f9ca8f02ad3",
   "status": 0,
   "value": "17 November 2012"
}

[24.480][FINE]:     Command received (/session/37fc043e7c48b25911fa8f9ca8f02ad3/cookie)
[24.480][FINER]:    Waiting for all views to stop loading...
[24.481][FINER]:    Done waiting for all views to stop loading
[24.484][FINER]:    Waiting for all views to stop loading...
[24.484][FINER]:    Done waiting for all views to stop loading
[24.484][FINE]:     Command finished (/session/37fc043e7c48b25911fa8f9ca8f02ad3/cookie) with response {
   "sessionId": "37fc043e7c48b25911fa8f9ca8f02ad3",
   "status": 0,
   "value": {

   }
}

[24.485][FINE]:     Command received (/session/37fc043e7c48b25911fa8f9ca8f02ad3/url) with params {
   "url": "about:blank"
}

[24.485][FINER]:    Waiting for all views to stop loading...
[24.485][FINER]:    Done waiting for all views to stop loading
[24.655][FINER]:    Waiting for all views to stop loading...
[24.669][FINER]:    Done waiting for all views to stop loading
[24.669][FINE]:     Command finished (/session/37fc043e7c48b25911fa8f9ca8f02ad3/url) with response {
   "sessionId": "37fc043e7c48b25911fa8f9ca8f02ad3",
   "status": 0,
   "value": {

   }
}

[24.671][FINE]:     Command received (/session/37fc043e7c48b25911fa8f9ca8f02ad3)
[24.815][INFO]:     Chrome shutdown
